# JRE version: OpenJDK Runtime Environment Zulu11.60+19-CA (11.0.17+8) (build 11.0.17+8-LTS)
# Java VM: OpenJDK 64-Bit Server VM Zulu11.60+19-CA (11.0.17+8-LTS, mixed mode, tiered, compressed oops, g1 gc, windows-amd64)
Heap:
 garbage-first heap   total 262144K, used 11577K [0x0000000701c00000, 0x0000000800000000)
  region size 1024K, 6 young (6144K), 5 survivors (5120K)
 Metaspace       used 28091K, capacity 28830K, committed 29056K, reserved 1081344K
  class space    used 3158K, capacity 3444K, committed 3456K, reserved 1048576K
GC Heap History (6 events):
Event: 1.061 GC heap before
{Heap before GC invocations=0 (full 0):
 garbage-first heap   total 262144K, used 24576K [0x0000000701c00000, 0x0000000800000000)
  region size 1024K, 24 young (24576K), 0 survivors (0K)
 Metaspace       used 11703K, capacity 11911K, committed 12160K, reserved 1060864K
  class space    used 1091K, capacity 1135K, committed 1152K, reserved 1048576K
}
Event: 1.067 GC heap after
{Heap after GC invocations=1 (full 0):
 garbage-first heap   total 262144K, used 7711K [0x0000000701c00000, 0x0000000800000000)
  region size 1024K, 3 young (3072K), 3 survivors (3072K)
 Metaspace       used 11703K, capacity 11911K, committed 12160K, reserved 1060864K
  class space    used 1091K, capacity 1135K, committed 1152K, reserved 1048576K
}
Event: 2.641 GC heap before
{Heap before GC invocations=1 (full 0):
 garbage-first heap   total 262144K, used 54815K [0x0000000701c00000, 0x0000000800000000)
  region size 1024K, 50 young (51200K), 3 survivors (3072K)
 Metaspace       used 20579K, capacity 21114K, committed 21248K, reserved 1069056K
  class space    used 2258K, capacity 2467K, committed 2560K, reserved 1048576K
}
Event: 2.651 GC heap after
{Heap after GC invocations=2 (full 0):
 garbage-first heap   total 262144K, used 9709K [0x0000000701c00000, 0x0000000800000000)
  region size 1024K, 5 young (5120K), 5 survivors (5120K)
 Metaspace       used 20579K, capacity 21114K, committed 21248K, reserved 1069056K
  class space    used 2258K, capacity 2467K, committed 2560K, reserved 1048576K
}
Event: 3.271 GC heap before
{Heap before GC invocations=3 (full 0):
 garbage-first heap   total 262144K, used 56813K [0x0000000701c00000, 0x0000000800000000)
  region size 1024K, 52 young (53248K), 5 survivors (5120K)
 Metaspace       used 27775K, capacity 28527K, committed 28800K, reserved 1075200K
  class space    used 3120K, capacity 3407K, committed 3456K, reserved 1048576K
}
Event: 3.280 GC heap after
{Heap after GC invocations=4 (full 0):
 garbage-first heap   total 262144K, used 11440K [0x0000000701c00000, 0x0000000800000000)
  region size 1024K, 5 young (5120K), 5 survivors (5120K)
 Metaspace       used 27775K, capacity 28527K, committed 28800K, reserved 1075200K
  class space    used 3120K, capacity 3407K, committed 3456K, reserved 1048576K
}

